This is pdfTeX, Version 3.14159265-2.6-1.40.18 (TeX Live 2017/Arch Linux) (preloaded format=pdflatex 2017.10.1)  2 OCT 2017 01:26
entering extended mode
 restricted \write18 enabled.
 %&-line parsing enabled.
**Report.tex
(./Report.tex
LaTeX2e <2017-04-15>
Babel <3.12> and hyphenation patterns for 84 language(s) loaded.
(/usr/share/texmf-dist/tex/latex/base/article.cls
Document Class: article 2014/09/29 v1.4h Standard LaTeX document class
(/usr/share/texmf-dist/tex/latex/base/size10.clo
File: size10.clo 2014/09/29 v1.4h Standard LaTeX file (size option)
)
\c@part=\count79
\c@section=\count80
\c@subsection=\count81
\c@subsubsection=\count82
\c@paragraph=\count83
\c@subparagraph=\count84
\c@figure=\count85
\c@table=\count86
\abovecaptionskip=\skip41
\belowcaptionskip=\skip42
\bibindent=\dimen102
)
(/usr/share/texmf-dist/tex/latex/graphics/color.sty
Package: color 2016/07/10 v1.1e Standard LaTeX Color (DPC)

(/usr/share/texmf-dist/tex/latex/graphics-cfg/color.cfg
File: color.cfg 2016/01/02 v1.6 sample color configuration
)
Package color Info: Driver file: pdftex.def on input line 147.

(/usr/share/texmf-dist/tex/latex/graphics-def/pdftex.def
File: pdftex.def 2017/06/24 v1.0g Graphics/color driver for pdftex
))
(/usr/share/texmf-dist/tex/latex/graphics/graphicx.sty
Package: graphicx 2017/06/01 v1.1a Enhanced LaTeX Graphics (DPC,SPQR)

(/usr/share/texmf-dist/tex/latex/graphics/keyval.sty
Package: keyval 2014/10/28 v1.15 key=value parser (DPC)
\KV@toks@=\toks14
)
(/usr/share/texmf-dist/tex/latex/graphics/graphics.sty
Package: graphics 2017/06/25 v1.2c Standard LaTeX Graphics (DPC,SPQR)

(/usr/share/texmf-dist/tex/latex/graphics/trig.sty
Package: trig 2016/01/03 v1.10 sin cos tan (DPC)
)
(/usr/share/texmf-dist/tex/latex/graphics-cfg/graphics.cfg
File: graphics.cfg 2016/06/04 v1.11 sample graphics configuration
)
Package graphics Info: Driver file: pdftex.def on input line 99.
)
\Gin@req@height=\dimen103
\Gin@req@width=\dimen104
) (./Report.aux
(./x1.aux) (./x2.aux) (./x4.aux))
\openout1 = `Report.aux'.

LaTeX Font Info:    Checking defaults for OML/cmm/m/it on input line 5.
LaTeX Font Info:    ... okay on input line 5.
LaTeX Font Info:    Checking defaults for T1/cmr/m/n on input line 5.
LaTeX Font Info:    ... okay on input line 5.
LaTeX Font Info:    Checking defaults for OT1/cmr/m/n on input line 5.
LaTeX Font Info:    ... okay on input line 5.
LaTeX Font Info:    Checking defaults for OMS/cmsy/m/n on input line 5.
LaTeX Font Info:    ... okay on input line 5.
LaTeX Font Info:    Checking defaults for OMX/cmex/m/n on input line 5.
LaTeX Font Info:    ... okay on input line 5.
LaTeX Font Info:    Checking defaults for U/cmr/m/n on input line 5.
LaTeX Font Info:    ... okay on input line 5.

(/usr/share/texmf-dist/tex/context/base/mkii/supp-pdf.mkii
[Loading MPS to PDF converter (version 2006.09.02).]
\scratchcounter=\count87
\scratchdimen=\dimen105
\scratchbox=\box26
\nofMPsegments=\count88
\nofMParguments=\count89
\everyMPshowfont=\toks15
\MPscratchCnt=\count90
\MPscratchDim=\dimen106
\MPnumerator=\count91
\makeMPintoPDFobject=\count92
\everyMPtoPDFconversion=\toks16
) (/usr/share/texmf-dist/tex/latex/oberdiek/epstopdf-base.sty
Package: epstopdf-base 2016/05/15 v2.6 Base part for package epstopdf

(/usr/share/texmf-dist/tex/generic/oberdiek/infwarerr.sty
Package: infwarerr 2016/05/16 v1.4 Providing info/warning/error messages (HO)
)
(/usr/share/texmf-dist/tex/latex/oberdiek/grfext.sty
Package: grfext 2016/05/16 v1.2 Manage graphics extensions (HO)

(/usr/share/texmf-dist/tex/generic/oberdiek/kvdefinekeys.sty
Package: kvdefinekeys 2016/05/16 v1.4 Define keys (HO)

(/usr/share/texmf-dist/tex/generic/oberdiek/ltxcmds.sty
Package: ltxcmds 2016/05/16 v1.23 LaTeX kernel commands for general use (HO)
)))
(/usr/share/texmf-dist/tex/latex/oberdiek/kvoptions.sty
Package: kvoptions 2016/05/16 v3.12 Key value format for package options (HO)

(/usr/share/texmf-dist/tex/generic/oberdiek/kvsetkeys.sty
Package: kvsetkeys 2016/05/16 v1.17 Key value parser (HO)

(/usr/share/texmf-dist/tex/generic/oberdiek/etexcmds.sty
Package: etexcmds 2016/05/16 v1.6 Avoid name clashes with e-TeX commands (HO)

(/usr/share/texmf-dist/tex/generic/oberdiek/ifluatex.sty
Package: ifluatex 2016/05/16 v1.4 Provides the ifluatex switch (HO)
Package ifluatex Info: LuaTeX not detected.
)
Package etexcmds Info: Could not find \expanded.
(etexcmds)             That can mean that you are not using pdfTeX 1.50 or
(etexcmds)             that some package has redefined \expanded.
(etexcmds)             In the latter case, load this package earlier.
)))
(/usr/share/texmf-dist/tex/generic/oberdiek/pdftexcmds.sty
Package: pdftexcmds 2017/03/19 v0.25 Utility functions of pdfTeX for LuaTeX (HO
)

(/usr/share/texmf-dist/tex/generic/oberdiek/ifpdf.sty
Package: ifpdf 2017/03/15 v3.2 Provides the ifpdf switch
)
Package pdftexcmds Info: LuaTeX not detected.
Package pdftexcmds Info: \pdf@primitive is available.
Package pdftexcmds Info: \pdf@ifprimitive is available.
Package pdftexcmds Info: \pdfdraftmode found.
)
Package epstopdf-base Info: Redefining graphics rule for `.eps' on input line 4
38.
Package grfext Info: Graphics extension search list:
(grfext)             [.pdf,.png,.jpg,.mps,.jpeg,.jbig2,.jb2,.PDF,.PNG,.JPG,.JPE
G,.JBIG2,.JB2,.eps]
(grfext)             \AppendGraphicsExtensions on input line 456.

(/usr/share/texmf-dist/tex/latex/latexconfig/epstopdf-sys.cfg
File: epstopdf-sys.cfg 2010/07/13 v1.3 Configuration of (r)epstopdf for TeX Liv
e
))
\openout2 = `x1.aux'.

 (./x1.tex
\gptboxheight=\skip43
\gptboxwidth=\skip44
\gptboxtext=\box27
LaTeX Font Info:    External font `cmex10' loaded for size
(Font)              <8> on input line 111.
LaTeX Font Info:    External font `cmex10' loaded for size
(Font)              <6> on input line 111.
LaTeX Font Info:    External font `cmex10' loaded for size
(Font)              <5> on input line 111.
Package epstopdf Info: Source file: <x1.eps>
(epstopdf)                    date: 2017-10-02 01:26:25
(epstopdf)                    size: 21878 bytes
(epstopdf)             Output file: <x1-eps-converted-to.pdf>
(epstopdf)                    date: 2017-10-02 01:25:47
(epstopdf)                    size: 4848 bytes
(epstopdf)             Command: <repstopdf --outfile=x1-eps-converted-to.pdf x1
.eps>
(epstopdf)             \includegraphics on input line 112.
runsystem(repstopdf --outfile=x1-eps-converted-to.pdf x1.eps)...executed safely
 (allowed).

Package epstopdf Info: Result file: <x1-eps-converted-to.pdf>
(epstopdf)                    date: 2017-10-02 01:26:31
(epstopdf)                    size: 4783 bytes.
<x1-eps-converted-to.pdf, id=1, pagebox=cropbox, 361.35pt x 271.0125pt>
File: x1-eps-converted-to.pdf Graphic file (type pdf)
<use x1-eps-converted-to.pdf>
Package pdftex.def Info: x1-eps-converted-to.pdf  used on input line 112. on in
put line 112.
Package pdftex.def Info: Requested size: 361.34912pt x 271.01183pt on input lin
e 112.
)
Overfull \hbox (16.34033pt too wide) in paragraph at lines 114--9
[][] 
 []

\openout2 = `x2.aux'.

(./x2.tex
Package epstopdf Info: Source file: <x2.eps>
(epstopdf)                    date: 2017-10-01 20:33:10
(epstopdf)                    size: 26337 bytes
(epstopdf)             Output file: <x2-eps-converted-to.pdf>
(epstopdf)                    date: 2017-10-01 20:33:28
(epstopdf)                    size: 7072 bytes
(epstopdf)             Command: <repstopdf --outfile=x2-eps-converted-to.pdf x2
.eps>
(epstopdf)             \includegraphics on input line 118.
Package epstopdf Info: Output file is already uptodate.
<x2-eps-converted-to.pdf, id=2, pagebox=cropbox, 361.35pt x 271.0125pt>
File: x2-eps-converted-to.pdf Graphic file (type pdf)
<use x2-eps-converted-to.pdf>
Package pdftex.def Info: x2-eps-converted-to.pdf  used on input line 118. on in
put line 118.
Package pdftex.def Info: Requested size: 361.34912pt x 271.01183pt on input lin
e 118.
)
Overfull \hbox (16.34033pt too wide) in paragraph at lines 120--15
[][] 
 []

\openout2 = `x4.aux'.

(./x4.tex
Package epstopdf Info: Source file: <x4.eps>
(epstopdf)                    date: 2017-10-01 23:48:46
(epstopdf)                    size: 26180 bytes
(epstopdf)             Output file: <x4-eps-converted-to.pdf>
(epstopdf)                    date: 2017-10-02 01:24:06
(epstopdf)                    size: 6706 bytes
(epstopdf)             Command: <repstopdf --outfile=x4-eps-converted-to.pdf x4
.eps>
(epstopdf)             \includegraphics on input line 118.
Package epstopdf Info: Output file is already uptodate.
<x4-eps-converted-to.pdf, id=3, pagebox=cropbox, 361.35pt x 271.0125pt>
File: x4-eps-converted-to.pdf Graphic file (type pdf)
<use x4-eps-converted-to.pdf>
Package pdftex.def Info: x4-eps-converted-to.pdf  used on input line 118. on in
put line 118.
Package pdftex.def Info: Requested size: 361.34912pt x 271.01183pt on input lin
e 118.
)
Overfull \hbox (16.34033pt too wide) in paragraph at lines 120--21
[][] 
 []

[1

{/var/lib/texmf/fonts/map/pdftex/updmap/pdftex.map}

 <./x1-eps-converted-to.pdf>] [2


 <./x2-eps-converted-to.pdf>] [3


 <./x4-eps-converted-to.pdf>]
(./Report.aux (./x1.aux) (./x2.aux) (./x4.aux)) ) 
Here is how much of TeX's memory you used:
 1543 strings out of 492990
 21491 string characters out of 6138688
 81490 words of memory out of 5000000
 5077 multiletter control sequences out of 15000+600000
 5463 words of font info for 20 fonts, out of 8000000 for 9000
 1141 hyphenation exceptions out of 8191
 41i,8n,26p,273b,337s stack positions out of 5000i,500n,10000p,200000b,80000s
</usr/share/texmf-dist/fonts/t
ype1/public/amsfonts/cm/cmr10.pfb></usr/share/texmf-dist/fonts/type1/public/ams
fonts/cm/cmr6.pfb></usr/share/texmf-dist/fonts/type1/public/amsfonts/cm/cmr8.pf
b></usr/share/texmf-dist/fonts/type1/public/amsfonts/cm/cmsy6.pfb></usr/share/t
exmf-dist/fonts/type1/public/amsfonts/cm/cmsy8.pfb>
Output written on Report.pdf (3 pages, 58873 bytes).
PDF statistics:
 43 PDF objects out of 1000 (max. 8388607)
 29 compressed objects within 1 object stream
 0 named destinations out of 1000 (max. 500000)
 16 words of extra memory for PDF output out of 10000 (max. 10000000)

