This is pdfTeX, Version 3.14159265-2.6-1.40.18 (TeX Live 2017/Arch Linux) (preloaded format=pdflatex 2017.9.20)  2 OCT 2017 19:26
entering extended mode
 restricted \write18 enabled.
 %&-line parsing enabled.
**Report.tex
(./Report.tex
LaTeX2e <2017-04-15>
Babel <3.12> and hyphenation patterns for 84 language(s) loaded.
(/usr/share/texmf-dist/tex/latex/base/article.cls
Document Class: article 2014/09/29 v1.4h Standard LaTeX document class
(/usr/share/texmf-dist/tex/latex/base/size10.clo
File: size10.clo 2014/09/29 v1.4h Standard LaTeX file (size option)
)
\c@part=\count79
\c@section=\count80
\c@subsection=\count81
\c@subsubsection=\count82
\c@paragraph=\count83
\c@subparagraph=\count84
\c@figure=\count85
\c@table=\count86
\abovecaptionskip=\skip41
\belowcaptionskip=\skip42
\bibindent=\dimen102
)
(/usr/share/texmf-dist/tex/latex/graphics/color.sty
Package: color 2016/07/10 v1.1e Standard LaTeX Color (DPC)

(/usr/share/texmf-dist/tex/latex/graphics-cfg/color.cfg
File: color.cfg 2016/01/02 v1.6 sample color configuration
)
Package color Info: Driver file: pdftex.def on input line 147.

(/usr/share/texmf-dist/tex/latex/graphics-def/pdftex.def
File: pdftex.def 2017/06/24 v1.0g Graphics/color driver for pdftex
))
(/usr/share/texmf-dist/tex/latex/graphics/graphicx.sty
Package: graphicx 2017/06/01 v1.1a Enhanced LaTeX Graphics (DPC,SPQR)

(/usr/share/texmf-dist/tex/latex/graphics/keyval.sty
Package: keyval 2014/10/28 v1.15 key=value parser (DPC)
\KV@toks@=\toks14
)
(/usr/share/texmf-dist/tex/latex/graphics/graphics.sty
Package: graphics 2017/06/25 v1.2c Standard LaTeX Graphics (DPC,SPQR)

(/usr/share/texmf-dist/tex/latex/graphics/trig.sty
Package: trig 2016/01/03 v1.10 sin cos tan (DPC)
)
(/usr/share/texmf-dist/tex/latex/graphics-cfg/graphics.cfg
File: graphics.cfg 2016/06/04 v1.11 sample graphics configuration
)
Package graphics Info: Driver file: pdftex.def on input line 99.
)
\Gin@req@height=\dimen103
\Gin@req@width=\dimen104
) (./Report.aux
(./x1.aux) (./x2.aux) (./x4.aux) (./nand.aux) (./nor.aux)
(./inverter_rise_fall.aux) (./inverter_delay.aux) (./nand_delay.aux)
(./nand_rise_fall.aux) (./nor_delay.aux) (./nor_rise_fall.aux) (./example.aux))
\openout1 = `Report.aux'.

LaTeX Font Info:    Checking defaults for OML/cmm/m/it on input line 5.
LaTeX Font Info:    ... okay on input line 5.
LaTeX Font Info:    Checking defaults for T1/cmr/m/n on input line 5.
LaTeX Font Info:    ... okay on input line 5.
LaTeX Font Info:    Checking defaults for OT1/cmr/m/n on input line 5.
LaTeX Font Info:    ... okay on input line 5.
LaTeX Font Info:    Checking defaults for OMS/cmsy/m/n on input line 5.
LaTeX Font Info:    ... okay on input line 5.
LaTeX Font Info:    Checking defaults for OMX/cmex/m/n on input line 5.
LaTeX Font Info:    ... okay on input line 5.
LaTeX Font Info:    Checking defaults for U/cmr/m/n on input line 5.
LaTeX Font Info:    ... okay on input line 5.
(/usr/share/texmf-dist/tex/context/base/mkii/supp-pdf.mkii
[Loading MPS to PDF converter (version 2006.09.02).]
\scratchcounter=\count87
\scratchdimen=\dimen105
\scratchbox=\box26
\nofMPsegments=\count88
\nofMParguments=\count89
\everyMPshowfont=\toks15
\MPscratchCnt=\count90
\MPscratchDim=\dimen106
\MPnumerator=\count91
\makeMPintoPDFobject=\count92
\everyMPtoPDFconversion=\toks16
) (/usr/share/texmf-dist/tex/latex/oberdiek/epstopdf-base.sty
Package: epstopdf-base 2016/05/15 v2.6 Base part for package epstopdf

(/usr/share/texmf-dist/tex/generic/oberdiek/infwarerr.sty
Package: infwarerr 2016/05/16 v1.4 Providing info/warning/error messages (HO)
)
(/usr/share/texmf-dist/tex/latex/oberdiek/grfext.sty
Package: grfext 2016/05/16 v1.2 Manage graphics extensions (HO)

(/usr/share/texmf-dist/tex/generic/oberdiek/kvdefinekeys.sty
Package: kvdefinekeys 2016/05/16 v1.4 Define keys (HO)

(/usr/share/texmf-dist/tex/generic/oberdiek/ltxcmds.sty
Package: ltxcmds 2016/05/16 v1.23 LaTeX kernel commands for general use (HO)
)))
(/usr/share/texmf-dist/tex/latex/oberdiek/kvoptions.sty
Package: kvoptions 2016/05/16 v3.12 Key value format for package options (HO)

(/usr/share/texmf-dist/tex/generic/oberdiek/kvsetkeys.sty
Package: kvsetkeys 2016/05/16 v1.17 Key value parser (HO)

(/usr/share/texmf-dist/tex/generic/oberdiek/etexcmds.sty
Package: etexcmds 2016/05/16 v1.6 Avoid name clashes with e-TeX commands (HO)

(/usr/share/texmf-dist/tex/generic/oberdiek/ifluatex.sty
Package: ifluatex 2016/05/16 v1.4 Provides the ifluatex switch (HO)
Package ifluatex Info: LuaTeX not detected.
)
Package etexcmds Info: Could not find \expanded.
(etexcmds)             That can mean that you are not using pdfTeX 1.50 or
(etexcmds)             that some package has redefined \expanded.
(etexcmds)             In the latter case, load this package earlier.
)))
(/usr/share/texmf-dist/tex/generic/oberdiek/pdftexcmds.sty
Package: pdftexcmds 2017/03/19 v0.25 Utility functions of pdfTeX for LuaTeX (HO
)

(/usr/share/texmf-dist/tex/generic/oberdiek/ifpdf.sty
Package: ifpdf 2017/03/15 v3.2 Provides the ifpdf switch
)
Package pdftexcmds Info: LuaTeX not detected.
Package pdftexcmds Info: \pdf@primitive is available.
Package pdftexcmds Info: \pdf@ifprimitive is available.
Package pdftexcmds Info: \pdfdraftmode found.
)
Package epstopdf-base Info: Redefining graphics rule for `.eps' on input line 4
38.
Package grfext Info: Graphics extension search list:
(grfext)             [.pdf,.png,.jpg,.mps,.jpeg,.jbig2,.jb2,.PDF,.PNG,.JPG,.JPE
G,.JBIG2,.JB2,.eps]
(grfext)             \AppendGraphicsExtensions on input line 456.

(/usr/share/texmf-dist/tex/latex/latexconfig/epstopdf-sys.cfg
File: epstopdf-sys.cfg 2010/07/13 v1.3 Configuration of (r)epstopdf for TeX Liv
e
))
\openout2 = `x1.aux'.

 (./x1.tex
\gptboxheight=\skip43
\gptboxwidth=\skip44
\gptboxtext=\box27
LaTeX Font Info:    External font `cmex10' loaded for size
(Font)              <8> on input line 119.
LaTeX Font Info:    External font `cmex10' loaded for size
(Font)              <6> on input line 119.
LaTeX Font Info:    External font `cmex10' loaded for size
(Font)              <5> on input line 119.
Package epstopdf Info: Source file: <x1.eps>
(epstopdf)                    date: 2017-10-02 15:32:37
(epstopdf)                    size: 29089 bytes
(epstopdf)             Output file: <x1-eps-converted-to.pdf>
(epstopdf)                    date: 2017-10-02 15:32:50
(epstopdf)                    size: 8763 bytes
(epstopdf)             Command: <repstopdf --outfile=x1-eps-converted-to.pdf x1
.eps>
(epstopdf)             \includegraphics on input line 120.
Package epstopdf Info: Output file is already uptodate.
<x1-eps-converted-to.pdf, id=1, pagebox=cropbox, 361.35pt x 271.0125pt>
File: x1-eps-converted-to.pdf Graphic file (type pdf)
<use x1-eps-converted-to.pdf>
Package pdftex.def Info: x1-eps-converted-to.pdf  used on input line 120. on in
put line 120.
Package pdftex.def Info: Requested size: 361.34912pt x 271.01183pt on input lin
e 120.
)
Overfull \hbox (16.34033pt too wide) in paragraph at lines 122--9
[][] 
 []

\openout2 = `x2.aux'.

(./x2.tex
Package epstopdf Info: Source file: <x2.eps>
(epstopdf)                    date: 2017-10-02 15:34:22
(epstopdf)                    size: 28495 bytes
(epstopdf)             Output file: <x2-eps-converted-to.pdf>
(epstopdf)                    date: 2017-10-02 15:35:04
(epstopdf)                    size: 8258 bytes
(epstopdf)             Command: <repstopdf --outfile=x2-eps-converted-to.pdf x2
.eps>
(epstopdf)             \includegraphics on input line 120.
Package epstopdf Info: Output file is already uptodate.
<x2-eps-converted-to.pdf, id=2, pagebox=cropbox, 361.35pt x 271.0125pt>
File: x2-eps-converted-to.pdf Graphic file (type pdf)
<use x2-eps-converted-to.pdf>
Package pdftex.def Info: x2-eps-converted-to.pdf  used on input line 120. on in
put line 120.
Package pdftex.def Info: Requested size: 361.34912pt x 271.01183pt on input lin
e 120.
)
Overfull \hbox (16.34033pt too wide) in paragraph at lines 122--15
[][] 
 []

\openout2 = `x4.aux'.

(./x4.tex
Package epstopdf Info: Source file: <x4.eps>
(epstopdf)                    date: 2017-10-02 15:34:52
(epstopdf)                    size: 28195 bytes
(epstopdf)             Output file: <x4-eps-converted-to.pdf>
(epstopdf)                    date: 2017-10-02 15:35:04
(epstopdf)                    size: 7927 bytes
(epstopdf)             Command: <repstopdf --outfile=x4-eps-converted-to.pdf x4
.eps>
(epstopdf)             \includegraphics on input line 120.
Package epstopdf Info: Output file is already uptodate.
<x4-eps-converted-to.pdf, id=3, pagebox=cropbox, 361.35pt x 271.0125pt>
File: x4-eps-converted-to.pdf Graphic file (type pdf)
<use x4-eps-converted-to.pdf>
Package pdftex.def Info: x4-eps-converted-to.pdf  used on input line 120. on in
put line 120.
Package pdftex.def Info: Requested size: 361.34912pt x 271.01183pt on input lin
e 120.
)
Overfull \hbox (16.34033pt too wide) in paragraph at lines 122--21
[][] 
 []

\openout2 = `nand.aux'.

(./nand.tex
Package epstopdf Info: Source file: <nand.eps>
(epstopdf)                    date: 2017-10-02 15:34:55
(epstopdf)                    size: 30913 bytes
(epstopdf)             Output file: <nand-eps-converted-to.pdf>
(epstopdf)                    date: 2017-10-02 15:35:04
(epstopdf)                    size: 9613 bytes
(epstopdf)             Command: <repstopdf --outfile=nand-eps-converted-to.pdf 
nand.eps>
(epstopdf)             \includegraphics on input line 122.
Package epstopdf Info: Output file is already uptodate.
<nand-eps-converted-to.pdf, id=4, pagebox=cropbox, 361.35pt x 271.0125pt>
File: nand-eps-converted-to.pdf Graphic file (type pdf)
<use nand-eps-converted-to.pdf>
Package pdftex.def Info: nand-eps-converted-to.pdf  used on input line 122. on 
input line 122.
Package pdftex.def Info: Requested size: 361.34912pt x 271.01183pt on input lin
e 122.
)
Overfull \hbox (16.34033pt too wide) in paragraph at lines 124--27
[][] 
 []

\openout2 = `nor.aux'.

(./nor.tex
Package epstopdf Info: Source file: <nor.eps>
(epstopdf)                    date: 2017-10-02 15:36:30
(epstopdf)                    size: 30794 bytes
(epstopdf)             Output file: <nor-eps-converted-to.pdf>
(epstopdf)                    date: 2017-10-02 15:48:11
(epstopdf)                    size: 9513 bytes
(epstopdf)             Command: <repstopdf --outfile=nor-eps-converted-to.pdf n
or.eps>
(epstopdf)             \includegraphics on input line 122.
Package epstopdf Info: Output file is already uptodate.
<nor-eps-converted-to.pdf, id=5, pagebox=cropbox, 361.35pt x 271.0125pt>
File: nor-eps-converted-to.pdf Graphic file (type pdf)
<use nor-eps-converted-to.pdf>
Package pdftex.def Info: nor-eps-converted-to.pdf  used on input line 122. on i
nput line 122.
Package pdftex.def Info: Requested size: 361.34912pt x 271.01183pt on input lin
e 122.
)
Overfull \hbox (16.34033pt too wide) in paragraph at lines 124--33
[][] 
 []

\openout2 = `inverter_rise_fall.aux'.

(./inverter_rise_fall.tex
Package epstopdf Info: Source file: <inverter_rise_fall.eps>
(epstopdf)                    date: 2017-10-02 18:10:08
(epstopdf)                    size: 24583 bytes
(epstopdf)             Output file: <inverter_rise_fall-eps-converted-to.pdf>
(epstopdf)                    date: 2017-10-02 18:10:17
(epstopdf)                    size: 3689 bytes
(epstopdf)             Command: <repstopdf --outfile=inverter_rise_fall-eps-con
verted-to.pdf inverter_rise_fall.eps>
(epstopdf)             \includegraphics on input line 117.
Package epstopdf Info: Output file is already uptodate.
<inverter_rise_fall-eps-converted-to.pdf, id=6, pagebox=cropbox, 361.35pt x 271
.0125pt>
File: inverter_rise_fall-eps-converted-to.pdf Graphic file (type pdf)
<use inverter_rise_fall-eps-converted-to.pdf>
Package pdftex.def Info: inverter_rise_fall-eps-converted-to.pdf  used on input
 line 117. on input line 117.
Package pdftex.def Info: Requested size: 361.34912pt x 271.01183pt on input lin
e 117.
)
Overfull \hbox (16.34033pt too wide) in paragraph at lines 119--39
[][] 
 []

\openout2 = `inverter_delay.aux'.

(./inverter_delay.tex
Package epstopdf Info: Source file: <inverter_delay.eps>
(epstopdf)                    date: 2017-10-02 18:10:05
(epstopdf)                    size: 24726 bytes
(epstopdf)             Output file: <inverter_delay-eps-converted-to.pdf>
(epstopdf)                    date: 2017-10-02 18:10:17
(epstopdf)                    size: 3722 bytes
(epstopdf)             Command: <repstopdf --outfile=inverter_delay-eps-convert
ed-to.pdf inverter_delay.eps>
(epstopdf)             \includegraphics on input line 121.
Package epstopdf Info: Output file is already uptodate.
<inverter_delay-eps-converted-to.pdf, id=7, pagebox=cropbox, 361.35pt x 271.012
5pt>
File: inverter_delay-eps-converted-to.pdf Graphic file (type pdf)
<use inverter_delay-eps-converted-to.pdf>
Package pdftex.def Info: inverter_delay-eps-converted-to.pdf  used on input lin
e 121. on input line 121.
Package pdftex.def Info: Requested size: 361.34912pt x 271.01183pt on input lin
e 121.
)
Overfull \hbox (16.34033pt too wide) in paragraph at lines 123--45
[][] 
 []

\openout2 = `nand_delay.aux'.

(./nand_delay.tex
Package epstopdf Info: Source file: <nand_delay.eps>
(epstopdf)                    date: 2017-10-02 18:26:38
(epstopdf)                    size: 21044 bytes
(epstopdf)             Output file: <nand_delay-eps-converted-to.pdf>
(epstopdf)                    date: 2017-10-02 18:27:41
(epstopdf)                    size: 3212 bytes
(epstopdf)             Command: <repstopdf --outfile=nand_delay-eps-converted-t
o.pdf nand_delay.eps>
(epstopdf)             \includegraphics on input line 114.
Package epstopdf Info: Output file is already uptodate.
<nand_delay-eps-converted-to.pdf, id=8, pagebox=cropbox, 361.35pt x 271.0125pt>

File: nand_delay-eps-converted-to.pdf Graphic file (type pdf)
<use nand_delay-eps-converted-to.pdf>
Package pdftex.def Info: nand_delay-eps-converted-to.pdf  used on input line 11
4. on input line 114.
Package pdftex.def Info: Requested size: 361.34912pt x 271.01183pt on input lin
e 114.
)
Overfull \hbox (16.34033pt too wide) in paragraph at lines 116--51
[][] 
 []

\openout2 = `nand_rise_fall.aux'.

(./nand_rise_fall.tex
Package epstopdf Info: Source file: <nand_rise_fall.eps>
(epstopdf)                    date: 2017-10-02 18:22:58
(epstopdf)                    size: 21006 bytes
(epstopdf)             Output file: <nand_rise_fall-eps-converted-to.pdf>
(epstopdf)                    date: 2017-10-02 18:27:41
(epstopdf)                    size: 3212 bytes
(epstopdf)             Command: <repstopdf --outfile=nand_rise_fall-eps-convert
ed-to.pdf nand_rise_fall.eps>
(epstopdf)             \includegraphics on input line 113.
Package epstopdf Info: Output file is already uptodate.
<nand_rise_fall-eps-converted-to.pdf, id=9, pagebox=cropbox, 361.35pt x 271.012
5pt>
File: nand_rise_fall-eps-converted-to.pdf Graphic file (type pdf)
<use nand_rise_fall-eps-converted-to.pdf>
Package pdftex.def Info: nand_rise_fall-eps-converted-to.pdf  used on input lin
e 113. on input line 113.
Package pdftex.def Info: Requested size: 361.34912pt x 271.01183pt on input lin
e 113.
)
Overfull \hbox (16.34033pt too wide) in paragraph at lines 115--57
[][] 
 []

\openout2 = `nor_delay.aux'.

(./nor_delay.tex
Package epstopdf Info: Source file: <nor_delay.eps>
(epstopdf)                    date: 2017-10-02 18:30:24
(epstopdf)                    size: 20919 bytes
(epstopdf)             Output file: <nor_delay-eps-converted-to.pdf>
(epstopdf)                    date: 2017-10-02 18:30:32
(epstopdf)                    size: 3180 bytes
(epstopdf)             Command: <repstopdf --outfile=nor_delay-eps-converted-to
.pdf nor_delay.eps>
(epstopdf)             \includegraphics on input line 111.
Package epstopdf Info: Output file is already uptodate.
<nor_delay-eps-converted-to.pdf, id=10, pagebox=cropbox, 361.35pt x 271.0125pt>

File: nor_delay-eps-converted-to.pdf Graphic file (type pdf)
<use nor_delay-eps-converted-to.pdf>
Package pdftex.def Info: nor_delay-eps-converted-to.pdf  used on input line 111
. on input line 111.
Package pdftex.def Info: Requested size: 361.34912pt x 271.01183pt on input lin
e 111.
)
Overfull \hbox (16.34033pt too wide) in paragraph at lines 113--63
[][] 
 []

\openout2 = `nor_rise_fall.aux'.

(./nor_rise_fall.tex
Package epstopdf Info: Source file: <nor_rise_fall.eps>
(epstopdf)                    date: 2017-10-02 18:30:28
(epstopdf)                    size: 21001 bytes
(epstopdf)             Output file: <nor_rise_fall-eps-converted-to.pdf>
(epstopdf)                    date: 2017-10-02 18:30:32
(epstopdf)                    size: 3208 bytes
(epstopdf)             Command: <repstopdf --outfile=nor_rise_fall-eps-converte
d-to.pdf nor_rise_fall.eps>
(epstopdf)             \includegraphics on input line 113.
Package epstopdf Info: Output file is already uptodate.
<nor_rise_fall-eps-converted-to.pdf, id=11, pagebox=cropbox, 361.35pt x 271.012
5pt>
File: nor_rise_fall-eps-converted-to.pdf Graphic file (type pdf)
<use nor_rise_fall-eps-converted-to.pdf>
Package pdftex.def Info: nor_rise_fall-eps-converted-to.pdf  used on input line
 113. on input line 113.
Package pdftex.def Info: Requested size: 361.34912pt x 271.01183pt on input lin
e 113.
)
Overfull \hbox (16.34033pt too wide) in paragraph at lines 115--69
[][] 
 []

\openout2 = `example.aux'.

(./example.tex
Package epstopdf Info: Source file: <example.eps>
(epstopdf)                    date: 2017-10-02 19:26:18
(epstopdf)                    size: 22943 bytes
(epstopdf)             Output file: <example-eps-converted-to.pdf>
(epstopdf)                    date: 2017-10-02 19:22:53
(epstopdf)                    size: 4660 bytes
(epstopdf)             Command: <repstopdf --outfile=example-eps-converted-to.p
df example.eps>
(epstopdf)             \includegraphics on input line 116.
runsystem(repstopdf --outfile=example-eps-converted-to.pdf example.eps)...execu
ted safely (allowed).

Package epstopdf Info: Result file: <example-eps-converted-to.pdf>
(epstopdf)                    date: 2017-10-02 19:26:21
(epstopdf)                    size: 4696 bytes.
<example-eps-converted-to.pdf, id=12, pagebox=cropbox, 361.35pt x 271.0125pt>
File: example-eps-converted-to.pdf Graphic file (type pdf)
<use example-eps-converted-to.pdf>
Package pdftex.def Info: example-eps-converted-to.pdf  used on input line 116. 
on input line 116.
Package pdftex.def Info: Requested size: 361.34912pt x 271.01183pt on input lin
e 116.
)
Overfull \hbox (16.34033pt too wide) in paragraph at lines 118--75
[][] 
 []

[1

{/var/lib/texmf/fonts/map/pdftex/updmap/pdftex.map}

 <./x1-eps-converted-to.pdf>] [2


 <./x2-eps-converted-to.pdf>] [3


 <./x4-eps-converted-to.pdf>] [4


 <./nand-eps-converted-to.pdf>] [5


 <./nor-eps-converted-to.pdf>] [6


 <./inverter_rise_fall-eps-converted-to.pdf>] [7


 <./inverter_delay-eps-converted-to.pdf>] [8


 <./nand_delay-eps-converted-to.pdf>] [9


 <./nand_rise_fall-eps-converted-to.pdf>]
[10


 <./nor_delay-eps-converted-to.pdf>] [11


 <./nor_rise_fall-eps-converted-to.pdf>] [12


 <./example-eps-converted-to.pdf>] (./Report.aux (./x1.aux) (./x2.aux)
(./x4.aux) (./nand.aux) (./nor.aux) (./inverter_rise_fall.aux)
(./inverter_delay.aux) (./nand_delay.aux) (./nand_rise_fall.aux)
(./nor_delay.aux) (./nor_rise_fall.aux) (./example.aux)) ) 
Here is how much of TeX's memory you used:
 1650 strings out of 492990
 24061 string characters out of 6138688
 104370 words of memory out of 5000000
 5121 multiletter control sequences out of 15000+600000
 5463 words of font info for 20 fonts, out of 8000000 for 9000
 1141 hyphenation exceptions out of 8191
 41i,8n,26p,273b,337s stack positions out of 5000i,500n,10000p,200000b,80000s
</usr/share/texmf-dis
t/fonts/type1/public/amsfonts/cm/cmmi6.pfb></usr/share/texmf-dist/fonts/type1/p
ublic/amsfonts/cm/cmmi8.pfb></usr/share/texmf-dist/fonts/type1/public/amsfonts/
cm/cmr10.pfb></usr/share/texmf-dist/fonts/type1/public/amsfonts/cm/cmr6.pfb></u
sr/share/texmf-dist/fonts/type1/public/amsfonts/cm/cmr8.pfb></usr/share/texmf-d
ist/fonts/type1/public/amsfonts/cm/cmsy6.pfb></usr/share/texmf-dist/fonts/type1
/public/amsfonts/cm/cmsy8.pfb>
Output written on Report.pdf (12 pages, 115593 bytes).
PDF statistics:
 107 PDF objects out of 1000 (max. 8388607)
 73 compressed objects within 1 object stream
 0 named destinations out of 1000 (max. 500000)
 61 words of extra memory for PDF output out of 10000 (max. 10000000)

