This is pdfTeX, Version 3.14159265-2.6-1.40.18 (TeX Live 2017/Arch Linux) (preloaded format=pdflatex 2017.10.1)  9 OCT 2017 23:49
entering extended mode
 restricted \write18 enabled.
 %&-line parsing enabled.
**Report.tex
(./Report.tex
LaTeX2e <2017-04-15>
Babel <3.12> and hyphenation patterns for 84 language(s) loaded.
(/usr/share/texmf-dist/tex/latex/base/article.cls
Document Class: article 2014/09/29 v1.4h Standard LaTeX document class
(/usr/share/texmf-dist/tex/latex/base/size10.clo
File: size10.clo 2014/09/29 v1.4h Standard LaTeX file (size option)
)
\c@part=\count79
\c@section=\count80
\c@subsection=\count81
\c@subsubsection=\count82
\c@paragraph=\count83
\c@subparagraph=\count84
\c@figure=\count85
\c@table=\count86
\abovecaptionskip=\skip41
\belowcaptionskip=\skip42
\bibindent=\dimen102
)
(/usr/share/texmf-dist/tex/latex/graphics/color.sty
Package: color 2016/07/10 v1.1e Standard LaTeX Color (DPC)

(/usr/share/texmf-dist/tex/latex/graphics-cfg/color.cfg
File: color.cfg 2016/01/02 v1.6 sample color configuration
)
Package color Info: Driver file: pdftex.def on input line 147.

(/usr/share/texmf-dist/tex/latex/graphics-def/pdftex.def
File: pdftex.def 2017/06/24 v1.0g Graphics/color driver for pdftex
))
(/usr/share/texmf-dist/tex/latex/base/makeidx.sty
Package: makeidx 2014/09/29 v1.0m Standard LaTeX package
)
(/usr/share/texmf-dist/tex/latex/graphics/graphicx.sty
Package: graphicx 2017/06/01 v1.1a Enhanced LaTeX Graphics (DPC,SPQR)

(/usr/share/texmf-dist/tex/latex/graphics/keyval.sty
Package: keyval 2014/10/28 v1.15 key=value parser (DPC)
\KV@toks@=\toks14
)
(/usr/share/texmf-dist/tex/latex/graphics/graphics.sty
Package: graphics 2017/06/25 v1.2c Standard LaTeX Graphics (DPC,SPQR)

(/usr/share/texmf-dist/tex/latex/graphics/trig.sty
Package: trig 2016/01/03 v1.10 sin cos tan (DPC)
)
(/usr/share/texmf-dist/tex/latex/graphics-cfg/graphics.cfg
File: graphics.cfg 2016/06/04 v1.11 sample graphics configuration
)
Package graphics Info: Driver file: pdftex.def on input line 99.
)
\Gin@req@height=\dimen103
\Gin@req@width=\dimen104
)
(/usr/share/texmf-dist/tex/latex/placeins/placeins.sty
Package: placeins 2005/04/18  v 2.2
)
\@indexfile=\write3
\openout3 = `Report.idx'.


Writing index file Report.idx
(./Report.aux (./aoi_func.aux) (./oai_func.aux) (./nor.aux) (./nand.aux)
(./oai.aux) (./aoi.aux) (./INVx1.aux))
\openout1 = `Report.aux'.

LaTeX Font Info:    Checking defaults for OML/cmm/m/it on input line 8.
LaTeX Font Info:    ... okay on input line 8.
LaTeX Font Info:    Checking defaults for T1/cmr/m/n on input line 8.
LaTeX Font Info:    ... okay on input line 8.
LaTeX Font Info:    Checking defaults for OT1/cmr/m/n on input line 8.
LaTeX Font Info:    ... okay on input line 8.
LaTeX Font Info:    Checking defaults for OMS/cmsy/m/n on input line 8.
LaTeX Font Info:    ... okay on input line 8.
LaTeX Font Info:    Checking defaults for OMX/cmex/m/n on input line 8.
LaTeX Font Info:    ... okay on input line 8.
LaTeX Font Info:    Checking defaults for U/cmr/m/n on input line 8.
LaTeX Font Info:    ... okay on input line 8.

(/usr/share/texmf-dist/tex/context/base/mkii/supp-pdf.mkii
[Loading MPS to PDF converter (version 2006.09.02).]
\scratchcounter=\count87
\scratchdimen=\dimen105
\scratchbox=\box26
\nofMPsegments=\count88
\nofMParguments=\count89
\everyMPshowfont=\toks15
\MPscratchCnt=\count90
\MPscratchDim=\dimen106
\MPnumerator=\count91
\makeMPintoPDFobject=\count92
\everyMPtoPDFconversion=\toks16
) (/usr/share/texmf-dist/tex/latex/oberdiek/epstopdf-base.sty
Package: epstopdf-base 2016/05/15 v2.6 Base part for package epstopdf

(/usr/share/texmf-dist/tex/generic/oberdiek/infwarerr.sty
Package: infwarerr 2016/05/16 v1.4 Providing info/warning/error messages (HO)
)
(/usr/share/texmf-dist/tex/latex/oberdiek/grfext.sty
Package: grfext 2016/05/16 v1.2 Manage graphics extensions (HO)

(/usr/share/texmf-dist/tex/generic/oberdiek/kvdefinekeys.sty
Package: kvdefinekeys 2016/05/16 v1.4 Define keys (HO)

(/usr/share/texmf-dist/tex/generic/oberdiek/ltxcmds.sty
Package: ltxcmds 2016/05/16 v1.23 LaTeX kernel commands for general use (HO)
)))
(/usr/share/texmf-dist/tex/latex/oberdiek/kvoptions.sty
Package: kvoptions 2016/05/16 v3.12 Key value format for package options (HO)

(/usr/share/texmf-dist/tex/generic/oberdiek/kvsetkeys.sty
Package: kvsetkeys 2016/05/16 v1.17 Key value parser (HO)

(/usr/share/texmf-dist/tex/generic/oberdiek/etexcmds.sty
Package: etexcmds 2016/05/16 v1.6 Avoid name clashes with e-TeX commands (HO)

(/usr/share/texmf-dist/tex/generic/oberdiek/ifluatex.sty
Package: ifluatex 2016/05/16 v1.4 Provides the ifluatex switch (HO)
Package ifluatex Info: LuaTeX not detected.
)
Package etexcmds Info: Could not find \expanded.
(etexcmds)             That can mean that you are not using pdfTeX 1.50 or
(etexcmds)             that some package has redefined \expanded.
(etexcmds)             In the latter case, load this package earlier.
)))
(/usr/share/texmf-dist/tex/generic/oberdiek/pdftexcmds.sty
Package: pdftexcmds 2017/03/19 v0.25 Utility functions of pdfTeX for LuaTeX (HO
)

(/usr/share/texmf-dist/tex/generic/oberdiek/ifpdf.sty
Package: ifpdf 2017/03/15 v3.2 Provides the ifpdf switch
)
Package pdftexcmds Info: LuaTeX not detected.
Package pdftexcmds Info: \pdf@primitive is available.
Package pdftexcmds Info: \pdf@ifprimitive is available.
Package pdftexcmds Info: \pdfdraftmode found.
)
Package epstopdf-base Info: Redefining graphics rule for `.eps' on input line 4
38.
Package grfext Info: Graphics extension search list:
(grfext)             [.pdf,.png,.jpg,.mps,.jpeg,.jbig2,.jb2,.PDF,.PNG,.JPG,.JPE
G,.JBIG2,.JB2,.eps]
(grfext)             \AppendGraphicsExtensions on input line 456.

(/usr/share/texmf-dist/tex/latex/latexconfig/epstopdf-sys.cfg
File: epstopdf-sys.cfg 2010/07/13 v1.3 Configuration of (r)epstopdf for TeX Liv
e
)) [1

{/var/lib/texmf/fonts/map/pdftex/updmap/pdftex.map}] (./Report.toc)
\tf@toc=\write4
\openout4 = `Report.toc'.

\openout2 = `aoi_func.aux'.

 (./aoi_func.tex
\gptboxheight=\skip43
\gptboxwidth=\skip44
\gptboxtext=\box27
LaTeX Font Info:    External font `cmex10' loaded for size
(Font)              <8> on input line 174.
LaTeX Font Info:    External font `cmex10' loaded for size
(Font)              <6> on input line 174.
LaTeX Font Info:    External font `cmex10' loaded for size
(Font)              <5> on input line 174.
Package epstopdf Info: Source file: <aoi_func.eps>
(epstopdf)                    date: 2017-10-09 23:48:55
(epstopdf)                    size: 50851 bytes
(epstopdf)             Output file: <aoi_func-eps-converted-to.pdf>
(epstopdf)                    date: 2017-10-09 23:45:12
(epstopdf)                    size: 12002 bytes
(epstopdf)             Command: <repstopdf --outfile=aoi_func-eps-converted-to.
pdf aoi_func.eps>
(epstopdf)             \includegraphics on input line 175.
runsystem(repstopdf --outfile=aoi_func-eps-converted-to.pdf aoi_func.eps)...exe
cuted safely (allowed).

Package epstopdf Info: Result file: <aoi_func-eps-converted-to.pdf>
(epstopdf)                    date: 2017-10-09 23:49:00
(epstopdf)                    size: 12040 bytes.
<aoi_func-eps-converted-to.pdf, id=8, pagebox=cropbox, 361.35pt x 271.0125pt>
File: aoi_func-eps-converted-to.pdf Graphic file (type pdf)
<use aoi_func-eps-converted-to.pdf>
Package pdftex.def Info: aoi_func-eps-converted-to.pdf  used on input line 175.
 on input line 175.
Package pdftex.def Info: Requested size: 361.34912pt x 271.01183pt on input lin
e 175.
)
Overfull \hbox (16.34033pt too wide) in paragraph at lines 177--38
 [][] 
 []

\openout2 = `oai_func.aux'.

(./oai_func.tex
Package epstopdf Info: Source file: <oai_func.eps>
(epstopdf)                    date: 2017-10-09 23:43:29
(epstopdf)                    size: 48721 bytes
(epstopdf)             Output file: <oai_func-eps-converted-to.pdf>
(epstopdf)                    date: 2017-10-09 23:45:12
(epstopdf)                    size: 11973 bytes
(epstopdf)             Command: <repstopdf --outfile=oai_func-eps-converted-to.
pdf oai_func.eps>
(epstopdf)             \includegraphics on input line 175.
Package epstopdf Info: Output file is already uptodate.
<oai_func-eps-converted-to.pdf, id=9, pagebox=cropbox, 361.35pt x 271.0125pt>
File: oai_func-eps-converted-to.pdf Graphic file (type pdf)
<use oai_func-eps-converted-to.pdf>
Package pdftex.def Info: oai_func-eps-converted-to.pdf  used on input line 175.
 on input line 175.
Package pdftex.def Info: Requested size: 361.34912pt x 271.01183pt on input lin
e 175.
)
Overfull \hbox (16.34033pt too wide) in paragraph at lines 177--47
 [][] 
 []

\openout2 = `nor.aux'.

(./nor.tex
Package epstopdf Info: Source file: <nor.eps>
(epstopdf)                    date: 2017-10-09 23:01:07
(epstopdf)                    size: 27213 bytes
(epstopdf)             Output file: <nor-eps-converted-to.pdf>
(epstopdf)                    date: 2017-10-09 23:01:35
(epstopdf)                    size: 7827 bytes
(epstopdf)             Command: <repstopdf --outfile=nor-eps-converted-to.pdf n
or.eps>
(epstopdf)             \includegraphics on input line 118.
Package epstopdf Info: Output file is already uptodate.
<nor-eps-converted-to.pdf, id=10, pagebox=cropbox, 361.35pt x 271.0125pt>
File: nor-eps-converted-to.pdf Graphic file (type pdf)
<use nor-eps-converted-to.pdf>
Package pdftex.def Info: nor-eps-converted-to.pdf  used on input line 118. on i
nput line 118.
Package pdftex.def Info: Requested size: 361.34912pt x 271.01183pt on input lin
e 118.
)
Overfull \hbox (16.34033pt too wide) in paragraph at lines 120--56
 [][] 
 []

\openout2 = `nand.aux'.

(./nand.tex
Package epstopdf Info: Source file: <nand.eps>
(epstopdf)                    date: 2017-10-09 22:58:20
(epstopdf)                    size: 27449 bytes
(epstopdf)             Output file: <nand-eps-converted-to.pdf>
(epstopdf)                    date: 2017-10-09 22:59:16
(epstopdf)                    size: 7920 bytes
(epstopdf)             Command: <repstopdf --outfile=nand-eps-converted-to.pdf 
nand.eps>
(epstopdf)             \includegraphics on input line 118.
Package epstopdf Info: Output file is already uptodate.
<nand-eps-converted-to.pdf, id=11, pagebox=cropbox, 361.35pt x 271.0125pt>
File: nand-eps-converted-to.pdf Graphic file (type pdf)
<use nand-eps-converted-to.pdf>
Package pdftex.def Info: nand-eps-converted-to.pdf  used on input line 118. on 
input line 118.
Package pdftex.def Info: Requested size: 361.34912pt x 271.01183pt on input lin
e 118.
)
Overfull \hbox (16.34033pt too wide) in paragraph at lines 120--65
 [][] 
 []

\openout2 = `oai.aux'.

(./oai.tex
Package epstopdf Info: Source file: <oai.eps>
(epstopdf)                    date: 2017-10-09 23:14:07
(epstopdf)                    size: 38436 bytes
(epstopdf)             Output file: <oai-eps-converted-to.pdf>
(epstopdf)                    date: 2017-10-09 23:14:44
(epstopdf)                    size: 14149 bytes
(epstopdf)             Command: <repstopdf --outfile=oai-eps-converted-to.pdf o
ai.eps>
(epstopdf)             \includegraphics on input line 126.
Package epstopdf Info: Output file is already uptodate.
<oai-eps-converted-to.pdf, id=12, pagebox=cropbox, 361.35pt x 271.0125pt>
File: oai-eps-converted-to.pdf Graphic file (type pdf)
<use oai-eps-converted-to.pdf>
Package pdftex.def Info: oai-eps-converted-to.pdf  used on input line 126. on i
nput line 126.
Package pdftex.def Info: Requested size: 361.34912pt x 271.01183pt on input lin
e 126.
)
Overfull \hbox (16.34033pt too wide) in paragraph at lines 128--74
 [][] 
 []

\openout2 = `aoi.aux'.

(./aoi.tex
Package epstopdf Info: Source file: <aoi.eps>
(epstopdf)                    date: 2017-10-09 22:46:50
(epstopdf)                    size: 38532 bytes
(epstopdf)             Output file: <aoi-eps-converted-to.pdf>
(epstopdf)                    date: 2017-10-09 22:47:14
(epstopdf)                    size: 13956 bytes
(epstopdf)             Command: <repstopdf --outfile=aoi-eps-converted-to.pdf a
oi.eps>
(epstopdf)             \includegraphics on input line 126.
Package epstopdf Info: Output file is already uptodate.
<aoi-eps-converted-to.pdf, id=13, pagebox=cropbox, 361.35pt x 271.0125pt>
File: aoi-eps-converted-to.pdf Graphic file (type pdf)
<use aoi-eps-converted-to.pdf>
Package pdftex.def Info: aoi-eps-converted-to.pdf  used on input line 126. on i
nput line 126.
Package pdftex.def Info: Requested size: 361.34912pt x 271.01183pt on input lin
e 126.
)
Overfull \hbox (16.34033pt too wide) in paragraph at lines 128--83
 [][] 
 []

\openout2 = `INVx1.aux'.

(./INVx1.tex
Package epstopdf Info: Source file: <INVx1.eps>
(epstopdf)                    date: 2017-10-09 22:51:21
(epstopdf)                    size: 22447 bytes
(epstopdf)             Output file: <INVx1-eps-converted-to.pdf>
(epstopdf)                    date: 2017-10-09 22:51:36
(epstopdf)                    size: 5097 bytes
(epstopdf)             Command: <repstopdf --outfile=INVx1-eps-converted-to.pdf
 INVx1.eps>
(epstopdf)             \includegraphics on input line 114.
Package epstopdf Info: Output file is already uptodate.
<INVx1-eps-converted-to.pdf, id=14, pagebox=cropbox, 361.35pt x 271.0125pt>
File: INVx1-eps-converted-to.pdf Graphic file (type pdf)
<use INVx1-eps-converted-to.pdf>
Package pdftex.def Info: INVx1-eps-converted-to.pdf  used on input line 114. on
 input line 114.
Package pdftex.def Info: Requested size: 361.34912pt x 271.01183pt on input lin
e 114.
)
Overfull \hbox (16.34033pt too wide) in paragraph at lines 116--92
 [][] 
 []

[1


 <./aoi_func-eps-converted-to.pdf>] [2


 <./oai_func-eps-converted-to.pdf>]
[3


 <./nor-eps-converted-to.pdf>] [4


 <./nand-eps-converted-to.pdf>] [5


 <./oai-eps-converted-to.pdf>] [6


 <./aoi-eps-converted-to.pdf>] [7


 <./INVx1-eps-converted-to.pdf>] (./Report.aux (./aoi_func.aux) (./oai_func.aux
) (./nor.aux)
(./nand.aux) (./oai.aux) (./aoi.aux) (./INVx1.aux)) ) 
Here is how much of TeX's memory you used:
 1638 strings out of 492990
 23137 string characters out of 6138688
 99665 words of memory out of 5000000
 5130 multiletter control sequences out of 15000+600000
 6665 words of font info for 24 fonts, out of 8000000 for 9000
 1141 hyphenation exceptions out of 8191
 41i,8n,26p,273b,341s stack positions out of 5000i,500n,10000p,200000b,80000s
</usr/share/texmf-dist/fon
ts/type1/public/amsfonts/cm/cmbx12.pfb></usr/share/texmf-dist/fonts/type1/publi
c/amsfonts/cm/cmr10.pfb></usr/share/texmf-dist/fonts/type1/public/amsfonts/cm/c
mr12.pfb></usr/share/texmf-dist/fonts/type1/public/amsfonts/cm/cmr17.pfb></usr/
share/texmf-dist/fonts/type1/public/amsfonts/cm/cmr6.pfb></usr/share/texmf-dist
/fonts/type1/public/amsfonts/cm/cmr8.pfb></usr/share/texmf-dist/fonts/type1/pub
lic/amsfonts/cm/cmsy6.pfb></usr/share/texmf-dist/fonts/type1/public/amsfonts/cm
/cmsy8.pfb>
Output written on Report.pdf (8 pages, 152516 bytes).
PDF statistics:
 84 PDF objects out of 1000 (max. 8388607)
 58 compressed objects within 1 object stream
 0 named destinations out of 1000 (max. 500000)
 36 words of extra memory for PDF output out of 10000 (max. 10000000)

